[debug] [2022-10-31T11:56:33.578Z] ----------------------------------------------------------------------
[debug] [2022-10-31T11:56:33.581Z] Command:       C:\Program Files\nodejs\node.exe C:\Users\mu010\AppData\Roaming\npm\node_modules\firebase-tools\lib\bin\firebase.js deploy
[debug] [2022-10-31T11:56:33.582Z] CLI Version:   11.15.0
[debug] [2022-10-31T11:56:33.582Z] Platform:      win32
[debug] [2022-10-31T11:56:33.583Z] Node Version:  v18.12.0
[debug] [2022-10-31T11:56:33.585Z] Time:          Mon Oct 31 2022 13:56:33 GMT+0200 (Eastern European Standard Time)
[debug] [2022-10-31T11:56:33.586Z] ----------------------------------------------------------------------
[debug] 
[debug] [2022-10-31T11:56:33.701Z] > refreshing access token with scopes: []
[debug] [2022-10-31T11:56:33.704Z] >>> [apiv2][query] POST https://www.googleapis.com/oauth2/v3/token [none]
[debug] [2022-10-31T11:56:33.704Z] >>> [apiv2][body] POST https://www.googleapis.com/oauth2/v3/token [omitted]
[debug] [2022-10-31T11:56:34.159Z] <<< [apiv2][status] POST https://www.googleapis.com/oauth2/v3/token 400
[debug] [2022-10-31T11:56:34.159Z] <<< [apiv2][body] POST https://www.googleapis.com/oauth2/v3/token [omitted]
[debug] [2022-10-31T11:56:34.161Z] >>> [apiv2][query] GET https://firebase.googleapis.com/v1beta1/projects/undefined [none]
[debug] [2022-10-31T11:56:34.582Z] <<< [apiv2][status] GET https://firebase.googleapis.com/v1beta1/projects/undefined 401
[debug] [2022-10-31T11:56:34.582Z] <<< [apiv2][body] GET https://firebase.googleapis.com/v1beta1/projects/undefined {"error":{"code":401,"message":"Request had invalid authentication credentials. Expected OAuth 2 access token, login cookie or other valid authentication credential. See https://developers.google.com/identity/sign-in/web/devconsole-project.","status":"UNAUTHENTICATED"}}
[debug] [2022-10-31T11:56:34.584Z] HTTP Error: 401, Request had invalid authentication credentials. Expected OAuth 2 access token, login cookie or other valid authentication credential. See https://developers.google.com/identity/sign-in/web/devconsole-project.
[debug] [2022-10-31T11:56:34.960Z] FirebaseError: HTTP Error: 401, Request had invalid authentication credentials. Expected OAuth 2 access token, login cookie or other valid authentication credential. See https://developers.google.com/identity/sign-in/web/devconsole-project.
    at responseToError (C:\Users\mu010\AppData\Roaming\npm\node_modules\firebase-tools\lib\responseToError.js:49:12)
    at RetryOperation._fn (C:\Users\mu010\AppData\Roaming\npm\node_modules\firebase-tools\lib\apiv2.js:288:77)
    at process.processTicksAndRejections (node:internal/process/task_queues:95:5)
[error] 
[error] Error: Failed to get Firebase project undefined. Please make sure the project exists and your account has permission to access it.
